<?xml version="1.0" encoding="UTF-8"?>
<testng-results ignored="0" total="1" passed="1" failed="0" skipped="0">
  <reporter-output>
  </reporter-output>
  <suite started-at="2021-03-01T05:51:31Z" name="Default suite" finished-at="2021-03-01T05:51:42Z" duration-ms="10243">
    <groups>
    </groups>
    <test started-at="2021-03-01T05:51:31Z" name="Default test" finished-at="2021-03-01T05:51:42Z" duration-ms="10243">
      <class name="com.Test.SignUp.Account">
        <test-method signature="testCaseOne()[pri:0, instance:com.Test.SignUp.Account@27d5a580]" started-at="2021-03-01T05:51:31Z" name="testCaseOne" finished-at="2021-03-01T05:51:42Z" duration-ms="10199" status="PASS">
          <reporter-output>
          </reporter-output>
        </test-method> <!-- testCaseOne -->
      </class> <!-- com.Test.SignUp.Account -->
    </test> <!-- Default test -->
  </suite> <!-- Default suite -->
</testng-results>
